

Tag Exit{
Random seed used = [89979196]


Tag Exit{
Node0		User Time elapsed = 0.002066 seconds.
Node0		Instruction Simulation Rate = 0.00 Cycles/Second.
Node0		"machinetype"	=	0
Node0		"Cycletrans"	=	0
Node0		"CYCLETIME"	=	1.666667E-08
Node0		NTRANS	=	0
Node0		CPU-only ETOT	=	0.000000E+00 Joules
Node0		CPU-only AVG POWER	=	0.000000E+00 Watts
Node0		"ICLK"	=	0
Node0		"CLK"	=	0
Node0		"TIME"	=	0.000000E+00
Node0		"dyncnt"	=	0
} Tag Exit.


Tag Exit{
Node1		User Time elapsed = 0.002128 seconds.
Node1		Instruction Simulation Rate = 0.00 Cycles/Second.
Node1		"machinetype"	=	2
Node1		"Cycletrans"	=	0
Node1		"CYCLETIME"	=	1.666667E-08
Node1		NTRANS	=	0
Node1		CPU-only ETOT	=	0.000000E+00 Joules
Node1		CPU-only AVG POWER	=	0.000000E+00 Watts
Node1		"ICLK"	=	14
Node1		"CLK"	=	14
Node1		"TIME"	=	2.333333E-07
Node1		"dyncnt"	=	10
} Tag Exit.
} Tag Exit.


Tag Exit{
Random seed used = [1283141975]


Tag Exit{
Node0		User Time elapsed = 0.002237 seconds.
Node0		Instruction Simulation Rate = 0.00 Cycles/Second.
Node0		"machinetype"	=	0
Node0		"Cycletrans"	=	0
Node0		"CYCLETIME"	=	1.666667E-08
Node0		NTRANS	=	0
Node0		CPU-only ETOT	=	0.000000E+00 Joules
Node0		CPU-only AVG POWER	=	0.000000E+00 Watts
Node0		"ICLK"	=	0
Node0		"CLK"	=	0
Node0		"TIME"	=	0.000000E+00
Node0		"dyncnt"	=	0
} Tag Exit.


Tag Exit{
Node1		User Time elapsed = 0.002291 seconds.
Node1		Instruction Simulation Rate = 0.00 Cycles/Second.
Node1		"machinetype"	=	2
Node1		"Cycletrans"	=	0
Node1		"CYCLETIME"	=	1.666667E-08
Node1		NTRANS	=	0
Node1		CPU-only ETOT	=	0.000000E+00 Joules
Node1		CPU-only AVG POWER	=	0.000000E+00 Watts
Node1		"ICLK"	=	14
Node1		"CLK"	=	14
Node1		"TIME"	=	2.333333E-07
Node1		"dyncnt"	=	10
} Tag Exit.
} Tag Exit.


Tag Exit{
Random seed used = [-1845325431]


Tag Exit{
Node0		User Time elapsed = 0.000921 seconds.
Node0		Instruction Simulation Rate = 0.00 Cycles/Second.
Node0		"machinetype"	=	0
Node0		"Cycletrans"	=	0
Node0		"CYCLETIME"	=	1.666667E-08
Node0		NTRANS	=	0
Node0		CPU-only ETOT	=	0.000000E+00 Joules
Node0		CPU-only AVG POWER	=	0.000000E+00 Watts
Node0		"ICLK"	=	0
Node0		"CLK"	=	0
Node0		"TIME"	=	0.000000E+00
Node0		"dyncnt"	=	0
} Tag Exit.


Tag Exit{
Node1		User Time elapsed = 0.000946 seconds.
Node1		Instruction Simulation Rate = 0.00 Cycles/Second.
Node1		"machinetype"	=	2
Node1		"Cycletrans"	=	0
Node1		"CYCLETIME"	=	1.666667E-08
Node1		NTRANS	=	0
Node1		CPU-only ETOT	=	0.000000E+00 Joules
Node1		CPU-only AVG POWER	=	0.000000E+00 Watts
Node1		"ICLK"	=	14
Node1		"CLK"	=	14
Node1		"TIME"	=	2.333333E-07
Node1		"dyncnt"	=	10
} Tag Exit.
} Tag Exit.


Tag Exit{
Random seed used = [1155593005]


Tag Exit{
Node0		User Time elapsed = 0.000474 seconds.
Node0		Instruction Simulation Rate = 0.00 Cycles/Second.
Node0		"machinetype"	=	0
Node0		"Cycletrans"	=	0
Node0		"CYCLETIME"	=	1.666667E-08
Node0		NTRANS	=	0
Node0		CPU-only ETOT	=	0.000000E+00 Joules
Node0		CPU-only AVG POWER	=	0.000000E+00 Watts
Node0		"ICLK"	=	0
Node0		"CLK"	=	0
Node0		"TIME"	=	0.000000E+00
Node0		"dyncnt"	=	0
} Tag Exit.


Tag Exit{
Node1		User Time elapsed = 0.000484 seconds.
Node1		Instruction Simulation Rate = 0.00 Cycles/Second.
Node1		"machinetype"	=	2
Node1		"Cycletrans"	=	0
Node1		"CYCLETIME"	=	1.666667E-08
Node1		NTRANS	=	0
Node1		CPU-only ETOT	=	0.000000E+00 Joules
Node1		CPU-only AVG POWER	=	0.000000E+00 Watts
Node1		"ICLK"	=	14
Node1		"CLK"	=	14
Node1		"TIME"	=	2.333333E-07
Node1		"dyncnt"	=	10
} Tag Exit.
} Tag Exit.


Tag Exit{
Random seed used = [692840042]


Tag Exit{
Node0		User Time elapsed = 0.000737 seconds.
Node0		Instruction Simulation Rate = 0.00 Cycles/Second.
Node0		"machinetype"	=	0
Node0		"Cycletrans"	=	0
Node0		"CYCLETIME"	=	1.666667E-08
Node0		NTRANS	=	0
Node0		CPU-only ETOT	=	0.000000E+00 Joules
Node0		CPU-only AVG POWER	=	0.000000E+00 Watts
Node0		"ICLK"	=	0
Node0		"CLK"	=	0
Node0		"TIME"	=	0.000000E+00
Node0		"dyncnt"	=	0
} Tag Exit.


Tag Exit{
Node1		User Time elapsed = 0.000757 seconds.
Node1		Instruction Simulation Rate = 0.00 Cycles/Second.
Node1		"machinetype"	=	2
Node1		"Cycletrans"	=	0
Node1		"CYCLETIME"	=	1.666667E-08
Node1		NTRANS	=	0
Node1		CPU-only ETOT	=	0.000000E+00 Joules
Node1		CPU-only AVG POWER	=	0.000000E+00 Watts
Node1		"ICLK"	=	14
Node1		"CLK"	=	14
Node1		"TIME"	=	2.333333E-07
Node1		"dyncnt"	=	10
} Tag Exit.
} Tag Exit.


Tag Exit{
Random seed used = [-364458849]


Tag Exit{
Node0		User Time elapsed = 0.000000 seconds.
Node0		Instruction Simulation Rate = 0.00 Cycles/Second.
Node0		"machinetype"	=	0
Node0		"Cycletrans"	=	0
Node0		"CYCLETIME"	=	1.666667E-08
Node0		NTRANS	=	0
Node0		CPU-only ETOT	=	0.000000E+00 Joules
Node0		CPU-only AVG POWER	=	0.000000E+00 Watts
Node0		"ICLK"	=	0
Node0		"CLK"	=	0
Node0		"TIME"	=	0.000000E+00
Node0		"dyncnt"	=	0
} Tag Exit.


Tag Exit{
Node1		User Time elapsed = 0.000000 seconds.
Node1		Instruction Simulation Rate = 0.00 Cycles/Second.
Node1		"machinetype"	=	2
Node1		"Cycletrans"	=	0
Node1		"CYCLETIME"	=	1.666667E-08
Node1		NTRANS	=	0
Node1		CPU-only ETOT	=	0.000000E+00 Joules
Node1		CPU-only AVG POWER	=	0.000000E+00 Watts
Node1		"ICLK"	=	14
Node1		"CLK"	=	14
Node1		"TIME"	=	2.333333E-07
Node1		"dyncnt"	=	10
} Tag Exit.
} Tag Exit.


Tag Exit{
Random seed used = [1893050020]


Tag Exit{
Node0		User Time elapsed = 0.002498 seconds.
Node0		Instruction Simulation Rate = 0.00 Cycles/Second.
Node0		"machinetype"	=	0
Node0		"Cycletrans"	=	0
Node0		"CYCLETIME"	=	1.666667E-08
Node0		NTRANS	=	0
Node0		CPU-only ETOT	=	0.000000E+00 Joules
Node0		CPU-only AVG POWER	=	0.000000E+00 Watts
Node0		"ICLK"	=	0
Node0		"CLK"	=	0
Node0		"TIME"	=	0.000000E+00
Node0		"dyncnt"	=	0
} Tag Exit.


Tag Exit{
Node1		User Time elapsed = 0.002567 seconds.
Node1		Instruction Simulation Rate = 0.00 Cycles/Second.
Node1		"machinetype"	=	2
Node1		"Cycletrans"	=	0
Node1		"CYCLETIME"	=	1.666667E-08
Node1		NTRANS	=	0
Node1		CPU-only ETOT	=	0.000000E+00 Joules
Node1		CPU-only AVG POWER	=	0.000000E+00 Watts
Node1		"ICLK"	=	15
Node1		"CLK"	=	15
Node1		"TIME"	=	2.500000E-07
Node1		"dyncnt"	=	11
} Tag Exit.
} Tag Exit.


Tag Exit{
Random seed used = [-731306702]


Tag Exit{
Node0		User Time elapsed = 0.002179 seconds.
Node0		Instruction Simulation Rate = 0.00 Cycles/Second.
Node0		"machinetype"	=	0
Node0		"Cycletrans"	=	0
Node0		"CYCLETIME"	=	1.666667E-08
Node0		NTRANS	=	0
Node0		CPU-only ETOT	=	0.000000E+00 Joules
Node0		CPU-only AVG POWER	=	0.000000E+00 Watts
Node0		"ICLK"	=	0
Node0		"CLK"	=	0
Node0		"TIME"	=	0.000000E+00
Node0		"dyncnt"	=	0
} Tag Exit.


Tag Exit{
Node1		User Time elapsed = 0.002236 seconds.
Node1		Instruction Simulation Rate = 0.00 Cycles/Second.
Node1		"machinetype"	=	2
Node1		"Cycletrans"	=	0
Node1		"CYCLETIME"	=	1.666667E-08
Node1		NTRANS	=	0
Node1		CPU-only ETOT	=	0.000000E+00 Joules
Node1		CPU-only AVG POWER	=	0.000000E+00 Watts
Node1		"ICLK"	=	13
Node1		"CLK"	=	13
Node1		"TIME"	=	2.166667E-07
Node1		"dyncnt"	=	9
} Tag Exit.
} Tag Exit.


Tag Exit{
Random seed used = [-704555328]


Tag Exit{
Node0		User Time elapsed = 0.000000 seconds.
Node0		Instruction Simulation Rate = 0.00 Cycles/Second.
Node0		"machinetype"	=	0
Node0		"Cycletrans"	=	0
Node0		"CYCLETIME"	=	1.666667E-08
Node0		NTRANS	=	0
Node0		CPU-only ETOT	=	0.000000E+00 Joules
Node0		CPU-only AVG POWER	=	0.000000E+00 Watts
Node0		"ICLK"	=	0
Node0		"CLK"	=	0
Node0		"TIME"	=	0.000000E+00
Node0		"dyncnt"	=	0
} Tag Exit.


Tag Exit{
Node1		User Time elapsed = 0.000000 seconds.
Node1		Instruction Simulation Rate = 0.00 Cycles/Second.
Node1		"machinetype"	=	2
Node1		"Cycletrans"	=	0
Node1		"CYCLETIME"	=	1.666667E-08
Node1		NTRANS	=	0
Node1		CPU-only ETOT	=	0.000000E+00 Joules
Node1		CPU-only AVG POWER	=	0.000000E+00 Watts
Node1		"ICLK"	=	14
Node1		"CLK"	=	14
Node1		"TIME"	=	2.333333E-07
Node1		"dyncnt"	=	10
} Tag Exit.
} Tag Exit.


Tag Exit{
Random seed used = [-1308015188]


Tag Exit{
Node0		User Time elapsed = 0.000000 seconds.
Node0		Instruction Simulation Rate = 0.00 Cycles/Second.
Node0		"machinetype"	=	0
Node0		"Cycletrans"	=	0
Node0		"CYCLETIME"	=	1.666667E-08
Node0		NTRANS	=	0
Node0		CPU-only ETOT	=	0.000000E+00 Joules
Node0		CPU-only AVG POWER	=	0.000000E+00 Watts
Node0		"ICLK"	=	0
Node0		"CLK"	=	0
Node0		"TIME"	=	0.000000E+00
Node0		"dyncnt"	=	0
} Tag Exit.


Tag Exit{
Node1		User Time elapsed = 0.000000 seconds.
Node1		Instruction Simulation Rate = 0.00 Cycles/Second.
Node1		"machinetype"	=	2
Node1		"Cycletrans"	=	0
Node1		"CYCLETIME"	=	1.666667E-08
Node1		NTRANS	=	0
Node1		CPU-only ETOT	=	0.000000E+00 Joules
Node1		CPU-only AVG POWER	=	0.000000E+00 Watts
Node1		"ICLK"	=	14
Node1		"CLK"	=	14
Node1		"TIME"	=	2.333333E-07
Node1		"dyncnt"	=	10
} Tag Exit.
} Tag Exit.


Tag Exit{
Random seed used = [1143871080]


Tag Exit{
Node0		User Time elapsed = 0.000850 seconds.
Node0		Instruction Simulation Rate = 0.00 Cycles/Second.
Node0		"machinetype"	=	0
Node0		"Cycletrans"	=	0
Node0		"CYCLETIME"	=	1.666667E-08
Node0		NTRANS	=	0
Node0		CPU-only ETOT	=	0.000000E+00 Joules
Node0		CPU-only AVG POWER	=	0.000000E+00 Watts
Node0		"ICLK"	=	0
Node0		"CLK"	=	0
Node0		"TIME"	=	0.000000E+00
Node0		"dyncnt"	=	0
} Tag Exit.


Tag Exit{
Node1		User Time elapsed = 0.000872 seconds.
Node1		Instruction Simulation Rate = 0.00 Cycles/Second.
Node1		"machinetype"	=	2
Node1		"Cycletrans"	=	0
Node1		"CYCLETIME"	=	1.666667E-08
Node1		NTRANS	=	0
Node1		CPU-only ETOT	=	0.000000E+00 Joules
Node1		CPU-only AVG POWER	=	0.000000E+00 Watts
Node1		"ICLK"	=	14
Node1		"CLK"	=	14
Node1		"TIME"	=	2.333333E-07
Node1		"dyncnt"	=	10
} Tag Exit.
} Tag Exit.


Tag Exit{
Random seed used = [1507226810]


Tag Exit{
Node0		User Time elapsed = 21.308640 seconds.
Node0		Instruction Simulation Rate = 0.00 Cycles/Second.
Node0		"machinetype"	=	0
Node0		"Cycletrans"	=	0
Node0		"CYCLETIME"	=	1.666667E-08
Node0		NTRANS	=	0
Node0		CPU-only ETOT	=	0.000000E+00 Joules
Node0		CPU-only AVG POWER	=	0.000000E+00 Watts
Node0		"ICLK"	=	0
Node0		"CLK"	=	0
Node0		"TIME"	=	0.000000E+00
Node0		"dyncnt"	=	0
} Tag Exit.


Tag Exit{
Node1		User Time elapsed = 21.308712 seconds.
Node1		Instruction Simulation Rate = 0.00 Cycles/Second.
Node1		"machinetype"	=	2
Node1		"Cycletrans"	=	0
Node1		"CYCLETIME"	=	1.666667E-08
Node1		NTRANS	=	0
Node1		CPU-only ETOT	=	0.000000E+00 Joules
Node1		CPU-only AVG POWER	=	0.000000E+00 Watts
Node1		"ICLK"	=	72393641
Node1		"CLK"	=	72393650
Node1		"TIME"	=	1.206561E+00
Node1		"dyncnt"	=	50675568
} Tag Exit.
} Tag Exit.
